TN:
SF:src\database\baseEntity\base-entity.ts
FN:5,(anonymous_9)
FN:12,(anonymous_10)
FN:16,(anonymous_11)
FN:23,(anonymous_13)
FNF:4
FNH:1
FNDA:10,(anonymous_9)
FNDA:0,(anonymous_10)
FNDA:0,(anonymous_11)
FNDA:0,(anonymous_13)
DA:1,2
DA:2,2
DA:3,2
DA:4,2
DA:5,2
DA:7,10
DA:10,2
DA:12,2
DA:13,0
DA:16,2
DA:17,0
DA:18,0
DA:19,0
DA:24,0
LF:14
LH:9
BRDA:18,0,0,0
BRF:1
BRH:0
end_of_record
TN:
SF:src\database\configuration\data-source.ts
FNF:0
FNH:0
DA:1,2
DA:2,2
DA:3,2
DA:4,2
DA:5,2
DA:6,2
DA:7,2
DA:8,2
DA:9,2
DA:10,2
DA:11,2
DA:12,2
DA:13,2
DA:14,2
LF:14
LH:14
BRDA:16,0,0,2
BRDA:16,0,1,0
BRDA:17,1,0,2
BRDA:17,1,1,0
BRDA:18,2,0,2
BRDA:18,2,1,0
BRDA:19,3,0,2
BRDA:19,3,1,0
BRDA:20,4,0,2
BRDA:20,4,1,0
BRDA:22,5,0,0
BRDA:22,5,1,2
BRF:12
BRH:6
end_of_record
TN:
SF:src\database\entities\Account-entity.ts
FN:11,(anonymous_2)
FN:22,(anonymous_3)
FN:22,(anonymous_4)
FN:28,(anonymous_5)
FN:28,(anonymous_6)
FN:31,(anonymous_7)
FN:31,(anonymous_8)
FN:34,(anonymous_9)
FN:34,(anonymous_10)
FN:37,(anonymous_11)
FN:37,(anonymous_12)
FN:40,(anonymous_13)
FN:40,(anonymous_14)
FNF:13
FNH:13
FNDA:1,(anonymous_2)
FNDA:1,(anonymous_3)
FNDA:1,(anonymous_4)
FNDA:1,(anonymous_5)
FNDA:1,(anonymous_6)
FNDA:1,(anonymous_7)
FNDA:1,(anonymous_8)
FNDA:1,(anonymous_9)
FNDA:1,(anonymous_10)
FNDA:1,(anonymous_11)
FNDA:1,(anonymous_12)
FNDA:1,(anonymous_13)
FNDA:1,(anonymous_14)
DA:1,2
DA:2,2
DA:3,2
DA:4,2
DA:5,2
DA:6,2
DA:7,2
DA:8,2
DA:9,2
DA:11,2
DA:13,2
DA:16,2
DA:20,2
DA:22,1
DA:23,2
DA:26,2
DA:28,1
DA:29,2
DA:31,1
DA:32,2
DA:34,1
DA:35,2
DA:37,1
DA:38,2
DA:40,1
DA:41,2
LF:26
LH:26
BRF:0
BRH:0
end_of_record
TN:
SF:src\database\entities\Bugedts-entity.ts
FN:18,(anonymous_2)
FN:18,(anonymous_3)
FNF:2
FNH:2
FNDA:1,(anonymous_2)
FNDA:1,(anonymous_3)
DA:1,2
DA:2,2
DA:4,2
DA:5,2
DA:7,2
DA:9,2
DA:13,2
DA:16,2
DA:18,1
DA:19,2
LF:10
LH:10
BRF:0
BRH:0
end_of_record
TN:
SF:src\database\entities\Card-entity.ts
FN:21,(anonymous_2)
FN:21,(anonymous_3)
FN:24,(anonymous_4)
FN:24,(anonymous_5)
FNF:4
FNH:4
FNDA:1,(anonymous_2)
FNDA:1,(anonymous_3)
FNDA:1,(anonymous_4)
FNDA:1,(anonymous_5)
DA:1,2
DA:2,2
DA:3,2
DA:4,2
DA:5,2
DA:7,2
DA:10,2
DA:12,2
DA:16,2
DA:19,2
DA:21,1
DA:22,2
DA:24,1
DA:25,2
LF:14
LH:14
BRF:0
BRH:0
end_of_record
TN:
SF:src\database\entities\Category-entity.ts
FN:11,(anonymous_2)
FN:11,(anonymous_3)
FN:14,(anonymous_4)
FN:14,(anonymous_5)
FNF:4
FNH:4
FNDA:1,(anonymous_2)
FNDA:1,(anonymous_3)
FNDA:1,(anonymous_4)
FNDA:1,(anonymous_5)
DA:1,2
DA:2,2
DA:3,2
DA:4,2
DA:7,2
DA:9,2
DA:11,1
DA:12,2
DA:14,1
DA:15,2
LF:10
LH:10
BRF:0
BRH:0
end_of_record
TN:
SF:src\database\entities\Contact-entity.ts
FN:12,(anonymous_2)
FN:12,(anonymous_3)
FNF:2
FNH:2
FNDA:1,(anonymous_2)
FNDA:1,(anonymous_3)
DA:1,2
DA:2,2
DA:3,2
DA:5,2
DA:7,2
DA:10,2
DA:12,1
DA:13,2
LF:8
LH:8
BRF:0
BRH:0
end_of_record
TN:
SF:src\database\entities\Investment-entity.ts
FN:20,(anonymous_2)
FN:20,(anonymous_3)
FNF:2
FNH:2
FNDA:1,(anonymous_2)
FNDA:1,(anonymous_3)
DA:1,2
DA:2,2
DA:3,2
DA:7,2
DA:10,2
DA:12,2
DA:15,2
DA:18,2
DA:20,1
DA:21,2
LF:10
LH:10
BRF:0
BRH:0
end_of_record
TN:
SF:src\database\entities\Notification-entity.ts
FN:16,(anonymous_2)
FN:19,(anonymous_3)
FN:19,(anonymous_4)
FNF:3
FNH:2
FNDA:0,(anonymous_2)
FNDA:1,(anonymous_3)
FNDA:1,(anonymous_4)
DA:1,2
DA:2,2
DA:3,2
DA:6,2
DA:8,2
DA:11,2
DA:14,2
DA:16,2
DA:17,0
DA:19,1
DA:20,2
LF:11
LH:10
BRF:0
BRH:0
end_of_record
TN:
SF:src\database\entities\Payment.entity.ts
FN:22,(anonymous_2)
FN:22,(anonymous_3)
FNF:2
FNH:2
FNDA:1,(anonymous_2)
FNDA:1,(anonymous_3)
DA:1,2
DA:2,2
DA:3,2
DA:4,2
DA:6,2
DA:8,2
DA:11,2
DA:14,2
DA:17,2
DA:20,2
DA:22,1
DA:23,2
LF:12
LH:12
BRF:0
BRH:0
end_of_record
TN:
SF:src\database\entities\Transaction-entity.ts
FN:12,(anonymous_2)
FN:23,(anonymous_3)
FN:32,(anonymous_4)
FN:35,(anonymous_5)
FN:35,(anonymous_6)
FNF:5
FNH:4
FNDA:0,(anonymous_2)
FNDA:1,(anonymous_3)
FNDA:1,(anonymous_4)
FNDA:1,(anonymous_5)
FNDA:1,(anonymous_6)
DA:1,2
DA:2,2
DA:3,2
DA:4,2
DA:5,2
DA:6,2
DA:8,2
DA:10,2
DA:12,2
DA:13,0
DA:18,2
DA:21,2
DA:23,1
DA:24,2
DA:27,2
DA:30,2
DA:32,1
DA:33,2
DA:35,1
DA:38,2
LF:20
LH:19
BRF:0
BRH:0
end_of_record
TN:
SF:src\database\entities\User-entity.ts
FN:22,(anonymous_10)
FN:27,(anonymous_12)
FN:27,(anonymous_13)
FN:30,(anonymous_14)
FN:30,(anonymous_15)
FNF:5
FNH:4
FNDA:0,(anonymous_10)
FNDA:1,(anonymous_12)
FNDA:1,(anonymous_13)
FNDA:1,(anonymous_14)
FNDA:1,(anonymous_15)
DA:1,2
DA:2,2
DA:3,2
DA:4,2
DA:5,2
DA:6,2
DA:8,2
DA:10,2
DA:14,2
DA:18,2
DA:22,2
DA:23,0
DA:24,0
DA:27,1
DA:28,2
DA:30,1
DA:31,2
LF:17
LH:15
BRF:0
BRH:0
end_of_record
TN:
SF:src\features\user\user-routes.ts
FN:30,(anonymous_10)
FN:47,(anonymous_12)
FN:64,(anonymous_13)
FN:79,(anonymous_15)
FNF:4
FNH:0
FNDA:0,(anonymous_10)
FNDA:0,(anonymous_12)
FNDA:0,(anonymous_13)
FNDA:0,(anonymous_15)
DA:1,1
DA:2,1
DA:3,1
DA:5,1
DA:6,1
DA:7,1
DA:9,1
DA:11,1
DA:30,1
DA:31,0
DA:36,0
DA:47,1
DA:48,0
DA:64,1
DA:65,0
DA:79,1
DA:80,0
LF:17
LH:12
BRF:0
BRH:0
end_of_record
TN:
SF:src\middlewares\permission-middleware.ts
FN:16,(anonymous_8)
FN:20,(anonymous_9)
FNF:2
FNH:0
FNDA:0,(anonymous_8)
FNDA:0,(anonymous_9)
DA:2,1
DA:3,1
DA:5,1
DA:6,1
DA:16,1
DA:20,0
DA:21,0
DA:23,0
DA:24,0
DA:25,0
DA:26,0
DA:28,0
DA:29,0
DA:30,0
DA:31,0
DA:32,0
DA:35,0
DA:39,1
LF:18
LH:6
BRDA:23,0,0,0
BRDA:23,0,1,0
BRDA:24,1,0,0
BRDA:24,1,1,0
BRDA:25,2,0,0
BRDA:25,2,1,0
BRDA:30,3,0,0
BRF:7
BRH:0
end_of_record
TN:
SF:src\utils\class\base-service-class.ts
FN:6,(anonymous_7)
FN:12,(anonymous_8)
FN:28,(anonymous_10)
FN:37,(anonymous_12)
FN:37,(anonymous_13)
FN:55,(anonymous_14)
FN:71,(anonymous_16)
FN:81,(anonymous_18)
FNF:8
FNH:1
FNDA:2,(anonymous_7)
FNDA:0,(anonymous_8)
FNDA:0,(anonymous_10)
FNDA:0,(anonymous_12)
FNDA:0,(anonymous_13)
FNDA:0,(anonymous_14)
FNDA:0,(anonymous_16)
FNDA:0,(anonymous_18)
DA:2,2
DA:3,2
DA:4,2
DA:7,2
DA:16,0
DA:20,0
DA:21,0
DA:25,0
DA:35,0
DA:37,0
DA:38,0
DA:41,0
DA:49,0
DA:50,0
DA:51,0
DA:52,0
DA:60,0
DA:61,0
DA:62,0
DA:63,0
DA:64,0
DA:65,0
DA:67,0
DA:72,0
DA:73,0
DA:74,0
DA:75,0
DA:77,0
DA:86,0
DA:89,0
DA:90,0
DA:94,0
DA:95,0
DA:97,0
DA:100,0
DA:105,0
DA:107,0
DA:108,0
LF:38
LH:4
BRDA:20,0,0,0
BRDA:35,1,0,0
BRDA:35,1,1,0
BRDA:52,2,0,0
BRDA:52,2,1,0
BRDA:62,3,0,0
BRDA:62,4,0,0
BRDA:62,4,1,0
BRDA:89,5,0,0
BRDA:89,5,1,0
BRDA:94,6,0,0
BRDA:94,6,1,0
BRDA:102,7,0,0
BRDA:102,7,1,0
BRF:14
BRH:0
end_of_record
TN:
SF:src\utils\class\errors-class.ts
FN:4,(anonymous_0)
FNF:1
FNH:1
FNDA:1,(anonymous_0)
DA:1,2
DA:5,1
DA:6,1
DA:7,1
DA:8,1
LF:5
LH:5
BRF:0
BRH:0
end_of_record
TN:
SF:src\utils\class\router-class.ts
FN:4,(anonymous_0)
FN:8,(anonymous_1)
FNF:2
FNH:1
FNDA:1,(anonymous_0)
FNDA:0,(anonymous_1)
DA:1,1
DA:5,1
DA:9,0
LF:3
LH:2
BRF:0
BRH:0
end_of_record
TN:
SF:src\utils\decorators\router\get-decorator.ts
FN:9,Get
FN:14,(anonymous_1)
FNF:2
FNH:2
FNDA:2,Get
FNDA:2,(anonymous_1)
DA:9,1
DA:14,2
DA:19,2
DA:20,2
DA:28,2
LF:5
LH:5
BRDA:24,0,0,2
BRDA:24,0,1,1
BRDA:25,1,0,2
BRDA:25,1,1,0
BRF:4
BRH:3
end_of_record
TN:
SF:src\utils\decorators\router\post-decorator.ts
FN:9,Post
FN:14,(anonymous_1)
FNF:2
FNH:2
FNDA:2,Post
FNDA:2,(anonymous_1)
DA:9,1
DA:14,2
DA:19,2
DA:21,2
DA:34,2
DA:42,2
LF:6
LH:6
BRDA:28,0,0,2
BRDA:28,0,1,2
BRDA:39,1,0,2
BRDA:39,1,1,2
BRF:4
BRH:4
end_of_record
TN:
SF:src\utils\decorators\router\router-decorator.ts
FN:3,Router
FN:4,(anonymous_1)
FN:9,(anonymous_2)
FN:15,getRouterInstance
FNF:4
FNH:2
FNDA:1,Router
FNDA:1,(anonymous_1)
FNDA:0,(anonymous_2)
FNDA:0,getRouterInstance
DA:1,1
DA:3,1
DA:4,1
DA:5,1
DA:7,1
DA:9,1
DA:10,0
DA:15,1
DA:16,0
LF:9
LH:7
BRF:0
BRH:0
end_of_record
TN:
SF:src\utils\enums\account-enum.ts
FN:1,(anonymous_0)
FNF:1
FNH:1
FNDA:2,(anonymous_0)
DA:1,2
DA:2,2
DA:3,2
LF:3
LH:3
BRDA:1,0,0,2
BRDA:1,0,1,2
BRF:2
BRH:2
end_of_record
TN:
SF:src\utils\enums\card-enum.ts
FN:1,(anonymous_0)
FNF:1
FNH:1
FNDA:2,(anonymous_0)
DA:1,2
DA:2,2
DA:3,2
LF:3
LH:3
BRDA:1,0,0,2
BRDA:1,0,1,2
BRF:2
BRH:2
end_of_record
TN:
SF:src\utils\enums\investment-enum.ts
FN:1,(anonymous_0)
FN:20,(anonymous_1)
FNF:2
FNH:2
FNDA:2,(anonymous_0)
FNDA:2,(anonymous_1)
DA:1,2
DA:2,2
DA:3,2
DA:4,2
DA:5,2
DA:6,2
DA:7,2
DA:8,2
DA:9,2
DA:10,2
DA:11,2
DA:12,2
DA:13,2
DA:14,2
DA:15,2
DA:16,2
DA:17,2
DA:20,2
DA:21,2
DA:22,2
DA:23,2
DA:24,2
DA:25,2
DA:26,2
DA:27,2
DA:28,2
DA:29,2
DA:30,2
DA:31,2
DA:32,2
DA:33,2
DA:34,2
DA:35,2
DA:36,2
LF:34
LH:34
BRDA:1,0,0,2
BRDA:1,0,1,2
BRDA:20,1,0,2
BRDA:20,1,1,2
BRF:4
BRH:4
end_of_record
TN:
SF:src\utils\enums\payment-enum.ts
FN:1,(anonymous_0)
FNF:1
FNH:1
FNDA:2,(anonymous_0)
DA:1,2
DA:2,2
DA:3,2
LF:3
LH:3
BRDA:1,0,0,2
BRDA:1,0,1,2
BRF:2
BRH:2
end_of_record
TN:
SF:src\utils\services\jwt\jwt-configuration.ts
FNF:0
FNH:0
DA:1,2
LF:1
LH:1
BRF:0
BRH:0
end_of_record
TN:
SF:src\utils\services\jwt\jwt-signin-service.ts
FN:5,(anonymous_16)
FN:5,(anonymous_17)
FNF:2
FNH:0
FNDA:0,(anonymous_16)
FNDA:0,(anonymous_17)
DA:1,2
DA:2,2
DA:5,2
DA:6,0
LF:4
LH:3
BRF:0
BRH:0
end_of_record
TN:
SF:src\utils\services\jwt\jwt-verify-service.ts
FN:4,(anonymous_16)
FN:4,(anonymous_17)
FNF:2
FNH:0
FNDA:0,(anonymous_16)
FNDA:0,(anonymous_17)
DA:1,1
DA:2,1
DA:3,1
DA:4,1
DA:5,0
DA:6,0
DA:8,0
LF:7
LH:4
BRF:0
BRH:0
end_of_record
TN:
SF:src\utils\services\notification\notification-service.ts
FNF:0
FNH:0
DA:1,2
DA:6,2
LF:2
LH:2
BRF:0
BRH:0
end_of_record
TN:
SF:src\utils\services\user\create-user-service.ts
FN:8,(anonymous_7)
FN:8,(anonymous_8)
FNF:2
FNH:0
FNDA:0,(anonymous_7)
FNDA:0,(anonymous_8)
DA:2,1
DA:3,1
DA:4,1
DA:5,1
DA:6,1
DA:8,1
DA:9,0
DA:10,0
DA:11,0
DA:12,0
DA:13,0
DA:25,0
LF:12
LH:6
BRDA:9,0,0,0
BRF:1
BRH:0
end_of_record
TN:
SF:src\utils\services\user\get-user-service.ts
FN:3,(anonymous_7)
FN:3,(anonymous_8)
FNF:2
FNH:0
FNDA:0,(anonymous_7)
FNDA:0,(anonymous_8)
DA:1,1
DA:2,1
DA:3,1
DA:4,0
DA:5,0
DA:6,0
DA:8,0
LF:7
LH:3
BRDA:6,0,0,0
BRF:1
BRH:0
end_of_record
TN:
SF:src\utils\services\user\login-user-service.ts
FN:6,(anonymous_16)
FN:6,(anonymous_17)
FNF:2
FNH:0
FNDA:0,(anonymous_16)
FNDA:0,(anonymous_17)
DA:1,1
DA:3,1
DA:4,1
DA:5,1
DA:6,1
DA:7,0
DA:8,0
DA:9,0
DA:10,0
DA:11,0
LF:10
LH:5
BRDA:8,0,0,0
BRDA:10,1,0,0
BRF:2
BRH:0
end_of_record
TN:
SF:src\utils\services\user\user-exists-service.ts
FN:4,(anonymous_7)
FN:4,(anonymous_8)
FNF:2
FNH:0
FNDA:0,(anonymous_7)
FNDA:0,(anonymous_8)
DA:2,1
DA:4,1
DA:5,0
DA:6,0
DA:7,0
LF:5
LH:2
BRDA:7,0,0,0
BRDA:7,0,1,0
BRF:2
BRH:0
end_of_record
