{"total": {"lines":{"total":348,"covered":244,"skipped":0,"pct":70.11},"statements":{"total":396,"covered":285,"skipped":0,"pct":71.96},"functions":{"total":70,"covered":51,"skipped":0,"pct":72.85},"branches":{"total":87,"covered":27,"skipped":0,"pct":31.03},"branchesTrue":{"total":0,"covered":0,"skipped":0,"pct":100}}
,"D:\\Desafios\\Desafio-Webapp-Tech4humans\\backend\\src\\database\\baseEntity\\base-entity.ts": {"lines":{"total":14,"covered":9,"skipped":0,"pct":64.28},"functions":{"total":4,"covered":1,"skipped":0,"pct":25},"statements":{"total":15,"covered":10,"skipped":0,"pct":66.66},"branches":{"total":3,"covered":0,"skipped":0,"pct":0}}
,"D:\\Desafios\\Desafio-Webapp-Tech4humans\\backend\\src\\database\\configuration\\data-source.ts": {"lines":{"total":13,"covered":13,"skipped":0,"pct":100},"functions":{"total":0,"covered":0,"skipped":0,"pct":100},"statements":{"total":13,"covered":13,"skipped":0,"pct":100},"branches":{"total":12,"covered":11,"skipped":0,"pct":91.66}}
,"D:\\Desafios\\Desafio-Webapp-Tech4humans\\backend\\src\\database\\entities\\Account-entity.ts": {"lines":{"total":26,"covered":26,"skipped":0,"pct":100},"functions":{"total":13,"covered":13,"skipped":0,"pct":100},"statements":{"total":35,"covered":35,"skipped":0,"pct":100},"branches":{"total":0,"covered":0,"skipped":0,"pct":100}}
,"D:\\Desafios\\Desafio-Webapp-Tech4humans\\backend\\src\\database\\entities\\Bugedts-entity.ts": {"lines":{"total":10,"covered":10,"skipped":0,"pct":100},"functions":{"total":2,"covered":2,"skipped":0,"pct":100},"statements":{"total":13,"covered":13,"skipped":0,"pct":100},"branches":{"total":0,"covered":0,"skipped":0,"pct":100}}
,"D:\\Desafios\\Desafio-Webapp-Tech4humans\\backend\\src\\database\\entities\\Card-entity.ts": {"lines":{"total":14,"covered":14,"skipped":0,"pct":100},"functions":{"total":4,"covered":4,"skipped":0,"pct":100},"statements":{"total":18,"covered":18,"skipped":0,"pct":100},"branches":{"total":0,"covered":0,"skipped":0,"pct":100}}
,"D:\\Desafios\\Desafio-Webapp-Tech4humans\\backend\\src\\database\\entities\\Category-entity.ts": {"lines":{"total":13,"covered":13,"skipped":0,"pct":100},"functions":{"total":6,"covered":6,"skipped":0,"pct":100},"statements":{"total":18,"covered":18,"skipped":0,"pct":100},"branches":{"total":0,"covered":0,"skipped":0,"pct":100}}
,"D:\\Desafios\\Desafio-Webapp-Tech4humans\\backend\\src\\database\\entities\\Contact-entity.ts": {"lines":{"total":8,"covered":8,"skipped":0,"pct":100},"functions":{"total":2,"covered":2,"skipped":0,"pct":100},"statements":{"total":11,"covered":11,"skipped":0,"pct":100},"branches":{"total":0,"covered":0,"skipped":0,"pct":100}}
,"D:\\Desafios\\Desafio-Webapp-Tech4humans\\backend\\src\\database\\entities\\Investment-entity.ts": {"lines":{"total":10,"covered":10,"skipped":0,"pct":100},"functions":{"total":2,"covered":2,"skipped":0,"pct":100},"statements":{"total":13,"covered":13,"skipped":0,"pct":100},"branches":{"total":0,"covered":0,"skipped":0,"pct":100}}
,"D:\\Desafios\\Desafio-Webapp-Tech4humans\\backend\\src\\database\\entities\\Payment.entity.ts": {"lines":{"total":12,"covered":12,"skipped":0,"pct":100},"functions":{"total":2,"covered":2,"skipped":0,"pct":100},"statements":{"total":15,"covered":15,"skipped":0,"pct":100},"branches":{"total":0,"covered":0,"skipped":0,"pct":100}}
,"D:\\Desafios\\Desafio-Webapp-Tech4humans\\backend\\src\\database\\entities\\Transaction-entity.ts": {"lines":{"total":20,"covered":19,"skipped":0,"pct":95},"functions":{"total":5,"covered":4,"skipped":0,"pct":80},"statements":{"total":23,"covered":22,"skipped":0,"pct":95.65},"branches":{"total":0,"covered":0,"skipped":0,"pct":100}}
,"D:\\Desafios\\Desafio-Webapp-Tech4humans\\backend\\src\\database\\entities\\User-entity.ts": {"lines":{"total":17,"covered":15,"skipped":0,"pct":88.23},"functions":{"total":5,"covered":4,"skipped":0,"pct":80},"statements":{"total":21,"covered":19,"skipped":0,"pct":90.47},"branches":{"total":0,"covered":0,"skipped":0,"pct":100}}
,"D:\\Desafios\\Desafio-Webapp-Tech4humans\\backend\\src\\middlewares\\permission-middleware.ts": {"lines":{"total":24,"covered":6,"skipped":0,"pct":25},"functions":{"total":2,"covered":0,"skipped":0,"pct":0},"statements":{"total":25,"covered":6,"skipped":0,"pct":24},"branches":{"total":10,"covered":0,"skipped":0,"pct":0}}
,"D:\\Desafios\\Desafio-Webapp-Tech4humans\\backend\\src\\middlewares\\user-own-account-middleware.ts": {"lines":{"total":14,"covered":4,"skipped":0,"pct":28.57},"functions":{"total":2,"covered":0,"skipped":0,"pct":0},"statements":{"total":17,"covered":5,"skipped":0,"pct":29.41},"branches":{"total":5,"covered":0,"skipped":0,"pct":0}}
,"D:\\Desafios\\Desafio-Webapp-Tech4humans\\backend\\src\\utils\\class\\base-service-class.ts": {"lines":{"total":83,"covered":25,"skipped":0,"pct":30.12},"functions":{"total":11,"covered":5,"skipped":0,"pct":45.45},"statements":{"total":85,"covered":25,"skipped":0,"pct":29.41},"branches":{"total":42,"covered":5,"skipped":0,"pct":11.9}}
,"D:\\Desafios\\Desafio-Webapp-Tech4humans\\backend\\src\\utils\\class\\errors-class.ts": {"lines":{"total":5,"covered":5,"skipped":0,"pct":100},"functions":{"total":1,"covered":1,"skipped":0,"pct":100},"statements":{"total":5,"covered":5,"skipped":0,"pct":100},"branches":{"total":0,"covered":0,"skipped":0,"pct":100}}
,"D:\\Desafios\\Desafio-Webapp-Tech4humans\\backend\\src\\utils\\enums\\account-enum.ts": {"lines":{"total":3,"covered":3,"skipped":0,"pct":100},"functions":{"total":1,"covered":1,"skipped":0,"pct":100},"statements":{"total":3,"covered":3,"skipped":0,"pct":100},"branches":{"total":2,"covered":2,"skipped":0,"pct":100}}
,"D:\\Desafios\\Desafio-Webapp-Tech4humans\\backend\\src\\utils\\enums\\card-enum.ts": {"lines":{"total":3,"covered":3,"skipped":0,"pct":100},"functions":{"total":1,"covered":1,"skipped":0,"pct":100},"statements":{"total":3,"covered":3,"skipped":0,"pct":100},"branches":{"total":2,"covered":2,"skipped":0,"pct":100}}
,"D:\\Desafios\\Desafio-Webapp-Tech4humans\\backend\\src\\utils\\enums\\investment-enum.ts": {"lines":{"total":34,"covered":34,"skipped":0,"pct":100},"functions":{"total":2,"covered":2,"skipped":0,"pct":100},"statements":{"total":34,"covered":34,"skipped":0,"pct":100},"branches":{"total":4,"covered":4,"skipped":0,"pct":100}}
,"D:\\Desafios\\Desafio-Webapp-Tech4humans\\backend\\src\\utils\\enums\\payment-enum.ts": {"lines":{"total":3,"covered":3,"skipped":0,"pct":100},"functions":{"total":1,"covered":1,"skipped":0,"pct":100},"statements":{"total":3,"covered":3,"skipped":0,"pct":100},"branches":{"total":2,"covered":2,"skipped":0,"pct":100}}
,"D:\\Desafios\\Desafio-Webapp-Tech4humans\\backend\\src\\utils\\services\\account\\account-service.ts": {"lines":{"total":2,"covered":2,"skipped":0,"pct":100},"functions":{"total":0,"covered":0,"skipped":0,"pct":100},"statements":{"total":2,"covered":2,"skipped":0,"pct":100},"branches":{"total":0,"covered":0,"skipped":0,"pct":100}}
,"D:\\Desafios\\Desafio-Webapp-Tech4humans\\backend\\src\\utils\\services\\jwt\\jwt-configuration.ts": {"lines":{"total":1,"covered":1,"skipped":0,"pct":100},"functions":{"total":0,"covered":0,"skipped":0,"pct":100},"statements":{"total":1,"covered":1,"skipped":0,"pct":100},"branches":{"total":3,"covered":1,"skipped":0,"pct":33.33}}
,"D:\\Desafios\\Desafio-Webapp-Tech4humans\\backend\\src\\utils\\services\\jwt\\jwt-verify-service.ts": {"lines":{"total":10,"covered":4,"skipped":0,"pct":40},"functions":{"total":2,"covered":0,"skipped":0,"pct":0},"statements":{"total":11,"covered":5,"skipped":0,"pct":45.45},"branches":{"total":1,"covered":0,"skipped":0,"pct":0}}
,"D:\\Desafios\\Desafio-Webapp-Tech4humans\\backend\\src\\utils\\services\\user\\get-user-service.ts": {"lines":{"total":7,"covered":3,"skipped":0,"pct":42.85},"functions":{"total":2,"covered":0,"skipped":0,"pct":0},"statements":{"total":10,"covered":4,"skipped":0,"pct":40},"branches":{"total":1,"covered":0,"skipped":0,"pct":0}}
,"D:\\Desafios\\Desafio-Webapp-Tech4humans\\backend\\src\\utils\\services\\user\\user-service.ts": {"lines":{"total":2,"covered":2,"skipped":0,"pct":100},"functions":{"total":0,"covered":0,"skipped":0,"pct":100},"statements":{"total":2,"covered":2,"skipped":0,"pct":100},"branches":{"total":0,"covered":0,"skipped":0,"pct":100}}
}
